[GWFS_sys] 2016-12-23 10:26:01  INFO ClipData:50 : 目录不存在：D:\mnt\simple\ecmwf\clipper\20161213\12\240
[GWFS_sys] 2016-12-23 10:26:01 ERROR ClipData:66 : 文件为空-:20161213_240
[GWFS_sys] 2016-12-23 10:26:16  INFO ClipData:50 : 目录不存在：D:\mnt\simple\ecmwf\clipper\20161213\12\240
[GWFS_sys] 2016-12-23 10:26:16 ERROR ClipData:66 : 文件为空-:20161213_240
[GWFS_sys] 2016-12-23 10:26:28  INFO ClipData:50 : 目录不存在：D:\mnt\simple\ecmwf\clipper\20161222\12\240
[GWFS_sys] 2016-12-23 10:26:28 ERROR ClipData:66 : 文件为空-:20161222_240
[GWFS_sys] 2016-12-23 10:27:55  INFO ClipData:50 : 目录不存在：D:\mnt\simple\ecmwf\clipper\20161222\12\240
[GWFS_sys] 2016-12-23 10:27:55 ERROR ClipData:66 : 文件为空-:20161222_240
[GWFS_sys] 2016-12-23 10:30:15 DEBUG ClipData:42 : FileParameter: [D:/mnt/simple/ecmwf/clipper/20161222/12/240/cf_pl_20161222_240.grib1.nc, D:/mnt/simple/ecmwf/clipper/20161222/12/240/pf_pl_20161222_240.grib1.nc], [D:/mnt/simple/ecmwf/clipper/20161222/12/240/cf_sfc_20161222_240.grib1.nc, D:/mnt/simple/ecmwf/clipper/20161222/12/240/pf_sfc_20161222_240.grib1.nc], [D:/mnt/simple/ecmwf/clipper/20161222/12/240/cf_sfc_20161222_240.grib2.nc, D:/mnt/simple/ecmwf/clipper/20161222/12/240/pf_sfc_20161222_240.grib2.nc], ECWMF_pl_20161222_20_240.nc, ECWMF_sfc_1_20161222_20_240.nc, ECWMF_sfc_2_20161222_20_240.nc
[GWFS_sys] 2016-12-23 10:30:15  INFO ClipData:50 : 创建本地目录:-D:\mnt\simple\ecmwf\clipper\ens\20161222\20状态 ： true
[GWFS_sys] 2016-12-23 10:30:15  INFO ClipData:50 : 当前时间 : 20161222 文件名 : 20161213
[GWFS_sys] 2016-12-23 10:30:15  INFO ClipData:50 : 删除 20161213 文件的数据
[GWFS_sys] 2016-12-23 10:30:15  INFO ClipData:50 : 当前时间 : 20161222 文件名 : 20161222
[GWFS_sys] 2016-12-23 10:30:15  INFO ClipData:50 : 当前时间 : 20161222 文件名 : ctl_file
[GWFS_sys] 2016-12-23 10:30:15 ERROR ClipData:66 : 删除 20161222文件数据异常 , 异常  ： java.lang.NumberFormatException: For input string: "ctl_file"
[GWFS_sys] 2016-12-23 10:30:15 DEBUG NetcdfFile:811 : Using IOSP ucar.nc2.iosp.netcdf3.N3raf
[GWFS_sys] 2016-12-23 10:30:15 DEBUG NetcdfFile:811 : Using IOSP ucar.nc2.iosp.netcdf3.N3raf
[GWFS_sys] 2016-12-23 10:30:15 DEBUG NetcdfFile:811 : Using IOSP ucar.nc2.iosp.netcdf3.N3raf
[GWFS_sys] 2016-12-23 10:30:16 DEBUG ClipData:42 : ClipperEntity [plTime=0, plCellBounds=java.awt.geom.Rectangle2D$Float[x=60.0,y=30.0,w=81.0,h=51.0], plsizeCell=Point2D.Float[1.0, 1.0], plNoDataValue=-32767.0]
[GWFS_sys] 2016-12-23 10:30:16 DEBUG NetcdfFile:811 : Using IOSP ucar.nc2.iosp.netcdf3.N3raf
[GWFS_sys] 2016-12-23 10:30:16 DEBUG NetcdfFile:811 : Using IOSP ucar.nc2.iosp.netcdf3.N3raf
[GWFS_sys] 2016-12-23 10:30:16 DEBUG NetcdfFile:811 : Using IOSP ucar.nc2.iosp.netcdf3.N3raf
[GWFS_sys] 2016-12-23 10:30:16 DEBUG NetcdfFile:811 : Using IOSP ucar.nc2.iosp.netcdf3.N3raf
[GWFS_sys] 2016-12-23 10:30:16 DEBUG NetcdfFile:811 : Using IOSP ucar.nc2.iosp.netcdf3.N3raf
[GWFS_sys] 2016-12-23 10:30:16 DEBUG NetcdfFile:811 : Using IOSP ucar.nc2.iosp.netcdf3.N3raf
[GWFS_sys] 2016-12-23 10:30:16 DEBUG ClipData:42 : ClipperData [plDataMap={w=[[Lucar.ma2.Array;@49186b0b, v=[[Lucar.ma2.Array;@621bc4aa, u=[[Lucar.ma2.Array;@d0ca738, t=[[Lucar.ma2.Array;@39b65439, r=[[Lucar.ma2.Array;@715387c8, q=[[Lucar.ma2.Array;@22f79598, gh=[[Lucar.ma2.Array;@2c7e4017}, plfactors={w=[Ljava.lang.Double;@14a1bcd3, v=[Ljava.lang.Double;@673cb3a, u=[Ljava.lang.Double;@1c235025, t=[Ljava.lang.Double;@5262bb91, r=[Ljava.lang.Double;@500856d8, q=[Ljava.lang.Double;@537da7f4, gh=[Ljava.lang.Double;@5e9daefe}, time=1025636]
[GWFS_sys] 2016-12-23 10:30:17  INFO Clip2Netcdf:50 : ECWMF_pl_20161222_20_240.nc...写完
[GWFS_sys] 2016-12-23 10:30:17  INFO Clip2Netcdf:50 : ECWMF_sfc_1_20161222_20_240.nc...写完
[GWFS_sys] 2016-12-23 10:30:17  INFO Clip2Netcdf:50 : ECWMF_sfc_2_20161222_20_240.nc...写完
[GWFS_sys] 2016-12-23 10:30:17  INFO ClipperThread:50 : ----时效：240 调用ManagerHandler ： com.supermap.disruptor.UniDisruptor@37fcdbc5
[GWFS_sys] 2016-12-23 10:30:55 DEBUG ClipData:42 : FileParameter: [D:/mnt/simple/ecmwf/clipper/20161222/12/234/cf_pl_20161222_234.grib1.nc, D:/mnt/simple/ecmwf/clipper/20161222/12/234/pf_pl_20161222_234.grib1.nc], [D:/mnt/simple/ecmwf/clipper/20161222/12/234/cf_sfc_20161222_234.grib1.nc, D:/mnt/simple/ecmwf/clipper/20161222/12/234/pf_sfc_20161222_234.grib1.nc], [D:/mnt/simple/ecmwf/clipper/20161222/12/234/cf_sfc_20161222_234.grib2.nc, D:/mnt/simple/ecmwf/clipper/20161222/12/234/pf_sfc_20161222_234.grib2.nc], ECWMF_pl_20161222_20_234.nc, ECWMF_sfc_1_20161222_20_234.nc, ECWMF_sfc_2_20161222_20_234.nc
[GWFS_sys] 2016-12-23 10:30:55 DEBUG NetcdfFile:811 : Using IOSP ucar.nc2.iosp.netcdf3.N3raf
[GWFS_sys] 2016-12-23 10:30:55 DEBUG NetcdfFile:811 : Using IOSP ucar.nc2.iosp.netcdf3.N3raf
[GWFS_sys] 2016-12-23 10:30:55 DEBUG NetcdfFile:811 : Using IOSP ucar.nc2.iosp.netcdf3.N3raf
[GWFS_sys] 2016-12-23 10:30:55 DEBUG ClipData:42 : ClipperEntity [plTime=0, plCellBounds=java.awt.geom.Rectangle2D$Float[x=60.0,y=30.0,w=81.0,h=51.0], plsizeCell=Point2D.Float[1.0, 1.0], plNoDataValue=-32767.0]
[GWFS_sys] 2016-12-23 10:30:55 DEBUG NetcdfFile:811 : Using IOSP ucar.nc2.iosp.netcdf3.N3raf
[GWFS_sys] 2016-12-23 10:30:55 DEBUG NetcdfFile:811 : Using IOSP ucar.nc2.iosp.netcdf3.N3raf
[GWFS_sys] 2016-12-23 10:30:55 DEBUG NetcdfFile:811 : Using IOSP ucar.nc2.iosp.netcdf3.N3raf
[GWFS_sys] 2016-12-23 10:30:55 DEBUG NetcdfFile:811 : Using IOSP ucar.nc2.iosp.netcdf3.N3raf
[GWFS_sys] 2016-12-23 10:30:55 DEBUG NetcdfFile:811 : Using IOSP ucar.nc2.iosp.netcdf3.N3raf
[GWFS_sys] 2016-12-23 10:30:55 DEBUG NetcdfFile:811 : Using IOSP ucar.nc2.iosp.netcdf3.N3raf
[GWFS_sys] 2016-12-23 10:30:55 DEBUG ClipData:42 : ClipperData [plDataMap={w=[[Lucar.ma2.Array;@25c22d44, v=[[Lucar.ma2.Array;@6f29deb9, u=[[Lucar.ma2.Array;@25dd7cb3, t=[[Lucar.ma2.Array;@7025df30, r=[[Lucar.ma2.Array;@466001d5, q=[[Lucar.ma2.Array;@49186b0b, gh=[[Lucar.ma2.Array;@621bc4aa}, plfactors={w=[Ljava.lang.Double;@d0ca738, v=[Ljava.lang.Double;@39b65439, u=[Ljava.lang.Double;@715387c8, t=[Ljava.lang.Double;@22f79598, r=[Ljava.lang.Double;@2c7e4017, q=[Ljava.lang.Double;@14a1bcd3, gh=[Ljava.lang.Double;@673cb3a}, time=1025630]
[GWFS_sys] 2016-12-23 10:30:56  INFO Clip2Netcdf:50 : ECWMF_pl_20161222_20_234.nc...写完
[GWFS_sys] 2016-12-23 10:30:57  INFO Clip2Netcdf:50 : ECWMF_sfc_1_20161222_20_234.nc...写完
[GWFS_sys] 2016-12-23 10:30:57  INFO Clip2Netcdf:50 : ECWMF_sfc_2_20161222_20_234.nc...写完
[GWFS_sys] 2016-12-23 10:30:57  INFO ClipperThread:50 : ----时效：234 调用ManagerHandler ： com.supermap.disruptor.UniDisruptor@76edf7e9
[GWFS_sys] 2016-12-23 10:31:10 DEBUG ClipData:42 : FileParameter: [D:/mnt/simple/ecmwf/clipper/20161222/12/228/cf_pl_20161222_228.grib1.nc, D:/mnt/simple/ecmwf/clipper/20161222/12/228/pf_pl_20161222_228.grib1.nc], [D:/mnt/simple/ecmwf/clipper/20161222/12/228/cf_sfc_20161222_228.grib1.nc, D:/mnt/simple/ecmwf/clipper/20161222/12/228/pf_sfc_20161222_228.grib1.nc], [D:/mnt/simple/ecmwf/clipper/20161222/12/228/cf_sfc_20161222_228.grib2.nc, D:/mnt/simple/ecmwf/clipper/20161222/12/228/pf_sfc_20161222_228.grib2.nc], ECWMF_pl_20161222_20_228.nc, ECWMF_sfc_1_20161222_20_228.nc, ECWMF_sfc_2_20161222_20_228.nc
[GWFS_sys] 2016-12-23 10:31:10 DEBUG NetcdfFile:811 : Using IOSP ucar.nc2.iosp.netcdf3.N3raf
[GWFS_sys] 2016-12-23 10:31:10 DEBUG NetcdfFile:811 : Using IOSP ucar.nc2.iosp.netcdf3.N3raf
[GWFS_sys] 2016-12-23 10:31:10 DEBUG NetcdfFile:811 : Using IOSP ucar.nc2.iosp.netcdf3.N3raf
[GWFS_sys] 2016-12-23 10:31:10 DEBUG ClipData:42 : ClipperEntity [plTime=0, plCellBounds=java.awt.geom.Rectangle2D$Float[x=60.0,y=30.0,w=81.0,h=51.0], plsizeCell=Point2D.Float[1.0, 1.0], plNoDataValue=-32767.0]
[GWFS_sys] 2016-12-23 10:31:10 DEBUG NetcdfFile:811 : Using IOSP ucar.nc2.iosp.netcdf3.N3raf
[GWFS_sys] 2016-12-23 10:31:10 DEBUG NetcdfFile:811 : Using IOSP ucar.nc2.iosp.netcdf3.N3raf
[GWFS_sys] 2016-12-23 10:31:10 DEBUG NetcdfFile:811 : Using IOSP ucar.nc2.iosp.netcdf3.N3raf
[GWFS_sys] 2016-12-23 10:31:10 DEBUG NetcdfFile:811 : Using IOSP ucar.nc2.iosp.netcdf3.N3raf
[GWFS_sys] 2016-12-23 10:31:10 DEBUG NetcdfFile:811 : Using IOSP ucar.nc2.iosp.netcdf3.N3raf
[GWFS_sys] 2016-12-23 10:31:10 DEBUG NetcdfFile:811 : Using IOSP ucar.nc2.iosp.netcdf3.N3raf
[GWFS_sys] 2016-12-23 10:31:10 DEBUG ClipData:42 : ClipperData [plDataMap={w=[[Lucar.ma2.Array;@537a916b, v=[[Lucar.ma2.Array;@13e1329e, u=[[Lucar.ma2.Array;@25c22d44, t=[[Lucar.ma2.Array;@6f29deb9, r=[[Lucar.ma2.Array;@25dd7cb3, q=[[Lucar.ma2.Array;@7025df30, gh=[[Lucar.ma2.Array;@466001d5}, plfactors={w=[Ljava.lang.Double;@49186b0b, v=[Ljava.lang.Double;@621bc4aa, u=[Ljava.lang.Double;@d0ca738, t=[Ljava.lang.Double;@39b65439, r=[Ljava.lang.Double;@715387c8, q=[Ljava.lang.Double;@22f79598, gh=[Ljava.lang.Double;@2c7e4017}, time=1025624]
[GWFS_sys] 2016-12-23 10:31:11  INFO Clip2Netcdf:50 : ECWMF_pl_20161222_20_228.nc...写完
[GWFS_sys] 2016-12-23 10:31:12  INFO Clip2Netcdf:50 : ECWMF_sfc_1_20161222_20_228.nc...写完
[GWFS_sys] 2016-12-23 10:31:12  INFO Clip2Netcdf:50 : ECWMF_sfc_2_20161222_20_228.nc...写完
[GWFS_sys] 2016-12-23 10:31:12  INFO ClipperThread:50 : ----时效：228 调用ManagerHandler ： com.supermap.disruptor.UniDisruptor@3c9bf7f4
